[2025-11-02 15:27:39] NEW: ISCA_2026 discovered
[2025-11-02 15:27:45] NEW: MICRO_2025 discovered
[2025-11-02 15:27:53] NEW: HPCA_2026 discovered
[2025-11-02 15:28:22] NEW: ICCAD_2026 discovered
[2025-11-02 15:28:54] NEW: ISLPED_2025 discovered
[2025-11-02 15:29:01] NEW: GLSVLSI_2025 discovered
[2025-11-02 15:29:05] NEW: GLSVLSI_2026 discovered
[2025-11-02 15:29:08] NEW: CICC_2025 discovered
[2025-11-02 15:29:11] NEW: CICC_2026 discovered
[2025-11-02 15:29:35] NEW: ISCAS_2025 discovered
[2025-11-02 15:29:38] NEW: ISCAS_2026 discovered
[2025-11-02 15:30:03] NEW: FCCM_2025 discovered
[2025-11-02 15:30:06] NEW: FCCM_2026 discovered
[2025-11-02 15:30:18] NEW: VTS_2025 discovered
[2025-11-02 15:30:23] NEW: VTS_2026 discovered
[2025-11-02 15:30:36] NEW: SOSP_2025 discovered
[2025-11-02 15:30:52] NEW: OSDI_2026 discovered
[2025-11-02 15:30:57] NEW: EUROSYS_2025 discovered
[2025-11-02 15:31:01] NEW: EUROSYS_2026 discovered
[2025-11-02 15:31:11] NEW: CHES_2025 discovered
[2025-11-02 15:37:12] DEADLINE CHANGE: ISCA_2026: November 17, 2025 → November 10, 2025
[2025-11-02 15:37:14] DEADLINE CHANGE: MICRO_2025: April 11, 2025 at 11:59 PM EDT → April 11, 2025
[2025-11-02 15:37:15] NEW: MICRO_2026 discovered
[2025-11-02 23:11:29] URL CHANGE: ISCA_2026: https://www.iscaconf.org/isca2026/index.php → https://iscaconf.org/isca2026/
[2025-11-02 23:11:54] NEW: VLSI_2025 discovered
[2025-11-02 23:11:57] DEADLINE CHANGE: ICCAD_2026: January 31, 2026 → April 14, 2025
[2025-11-02 23:11:57] URL CHANGE: ICCAD_2026: https://www.iccad-conf.com/ → https://www.date-conference.com/company-profile/international-conference-computer-aided-design-iccad
[2025-11-02 23:16:56] NEW: ISCA_2025 discovered
[2025-11-02 23:17:06] DEADLINE CHANGE: ISCA_2026: November 10, 2025 → November 17, 2025
[2025-11-02 23:18:00] NEW: ICCAD_2025 discovered
[2025-11-02 23:19:02] NEW: ISLPED_2026 discovered
[2025-11-02 23:19:44] DEADLINE CHANGE: ISCAS_2026: Oct 26, 2025 → October 26, 2025
[2025-11-02 23:19:44] URL CHANGE: ISCAS_2026: https://2026.ieee-iscas.org/ → https://2026.ieee-iscas.org/index.html
[2025-11-02 23:20:24] DEADLINE CHANGE: FCCM_2026: January 17, 2026 (No Extensions) → January 17, 2026
[2025-11-02 23:20:32] DEADLINE CHANGE: VTS_2025: November 25, 2024 (FIRM) → November 25, 2024
[2025-11-02 23:20:43] NEW: ATS_2026 discovered
[2025-11-02 23:21:08] DEADLINE CHANGE: EUROSYS_2025: {'Spring deadline': 'May 21, 2024', 'Fall deadline': 'October 22, 2024'} → May 21, 2024
[2025-11-02 23:21:19] NEW: HOST_2026 discovered
[2025-11-03 01:25:25] NEW: VLSI_2025 discovered
[2025-11-03 01:26:16] URL CHANGE: CICC_2025: https://www.ieee-cicc.org/ → https://www.ieee-cicc.org/2026-call-for-papers/
[2025-11-03 01:28:33] NEW: SOSP_2026 discovered
[2025-11-03 01:45:16] DEADLINE CHANGE: ISCA_2025: November 01, 2025 → November 22, 2024
[2025-11-03 01:45:16] URL CHANGE: ISCA_2025: https://iscaconf.org/isca2025/ → https://iscaconf.org/isca2025/submit/papers.php
[2025-11-03 01:45:23] NEW: ISCA_2026 discovered
[2025-11-03 01:45:38] NEW: MICRO_2026 discovered
[2025-11-03 01:45:50] NEW: HPCA_2026 discovered
[2025-11-03 01:45:59] NEW: ASPLOS_2025 discovered
[2025-11-03 01:46:05] NEW: ASPLOS_2026 discovered
[2025-11-03 01:47:56] NEW: ISSCC_2026 discovered
[2025-11-03 01:48:17] DEADLINE CHANGE: VLSI_2025: Closed → February 10th, 2025
[2025-11-03 01:48:17] URL CHANGE: VLSI_2025: https://cst2025.org/vlsie/index → https://ieee-isvlsi.github.io/ISVLSI_2025_Website/call-for-papers.html
[2025-11-03 01:48:21] NEW: VLSI_2026 discovered
[2025-11-03 01:48:36] NEW: ICCAD_2025 discovered
[2025-11-03 01:48:46] DEADLINE CHANGE: ICCAD_2026: January 31, 2026 → January 15, 2026
[2025-11-03 01:48:46] URL CHANGE: ICCAD_2026: https://www.iccad-conf.com/ → https://ieee-icad.org/icad-call-for-papers/
[2025-11-03 01:48:53] NEW: DAC_2025 discovered
[2025-11-03 01:49:05] NEW: DAC_2026 discovered
[2025-11-03 01:50:03] NEW: DATE_2025 discovered
[2025-11-03 01:50:10] NEW: DATE_2026 discovered
[2025-11-03 01:50:21] NEW: ASPDAC_2025 discovered
[2025-11-03 01:50:32] NEW: ASPDAC_2026 discovered
[2025-11-03 01:50:47] DEADLINE CHANGE: ISLPED_2025: March 20, 2025 → March 15, 2024
[2025-11-03 01:50:47] URL CHANGE: ISLPED_2025: https://www.islped.org/2025/ → https://www.islped.org/2025/files/ISPED2025CfP.pdf
[2025-11-03 01:50:57] NEW: ISLPED_2026 discovered
[2025-11-03 01:51:04] DEADLINE CHANGE: GLSVLSI_2025: March 17, 2025 → 15th May 2025
[2025-11-03 01:51:04] URL CHANGE: GLSVLSI_2025: https://glsvlsi.org/ → https://www.glsvlsi.org/camera-ready.html
[2025-11-03 01:51:18] NEW: GLSVLSI_2026 discovered
[2025-11-03 01:51:27] DEADLINE CHANGE: CICC_2025: November 17, 2025 → November 11, 2024
[2025-11-03 01:51:27] URL CHANGE: CICC_2025: https://www.ieee-cicc.org/2026-call-for-papers/ → https://www.ieee-cicc.org/2025archive/2025-call-for-papers/
[2025-11-03 01:51:39] NEW: CICC_2026 discovered
[2025-11-03 01:51:58] NEW: ESSCIRC_2026 discovered
[2025-11-03 01:52:12] NEW: ISQED_2025 discovered
[2025-11-03 01:52:24] NEW: ISQED_2026 discovered
[2025-11-03 01:52:30] NEW: VLSI-SOC_2025 discovered
[2025-11-03 01:52:53] NEW: VLSI-SOC_2026 discovered
[2025-11-03 01:53:04] NEW: ISCAS_2025 discovered
[2025-11-03 01:53:17] NEW: ISCAS_2026 discovered
[2025-11-03 01:53:26] NEW: ICCD_2025 discovered
[2025-11-03 01:53:36] NEW: ICCD_2026 discovered
[2025-11-03 01:53:42] NEW: ISPD_2025 discovered
[2025-11-03 01:53:50] NEW: ISPD_2026 discovered
[2025-11-03 01:53:58] NEW: FPGA_2025 discovered
[2025-11-03 01:54:10] NEW: FPGA_2026 discovered
[2025-11-03 01:54:19] NEW: FCCM_2025 discovered
[2025-11-03 01:54:27] URL CHANGE: FCCM_2026: https://www.fccm.org/ → https://www.fccm.org/call-for-papers-2026/
[2025-11-03 01:54:37] NEW: ITC_2025 discovered
[2025-11-03 01:54:47] NEW: ITC_2026 discovered
[2025-11-03 01:54:55] NEW: VTS_2025 discovered
[2025-11-03 01:55:03] NEW: VTS_2026 discovered
[2025-11-03 01:55:12] NEW: ATS_2026 discovered
[2025-11-03 01:55:21] DEADLINE CHANGE: SOSP_2025: April 17, 2025; 23:59 PT → April 17, 2025
[2025-11-03 01:55:21] URL CHANGE: SOSP_2025: https://sigops.org/s/conferences/sosp/2025/index.html → https://sigops.org/s/conferences/sosp/2025/cfp.html
[2025-11-03 01:55:34] NEW: OSDI_2025 discovered
[2025-11-03 01:55:42] NEW: OSDI_2026 discovered
[2025-11-03 01:55:51] NEW: EUROSYS_2025 discovered
[2025-11-03 01:56:00] NEW: EUROSYS_2026 discovered
[2025-11-03 01:56:10] NEW: HOST_2025 discovered
[2025-11-03 01:56:17] NEW: HOST_2026 discovered
[2025-11-03 01:56:42] NEW: CHES_2026 discovered
[2025-11-03 01:56:53] NEW: HOTCHIPS_2025 discovered
[2025-11-03 01:57:02] NEW: HOTCHIPS_2026 discovered
[2025-11-03 02:16:50] DEADLINE CHANGE: ISCA_2025: November 22, 2024 → January 13, 2025
[2025-11-03 02:16:50] URL CHANGE: ISCA_2025: https://iscaconf.org/isca2025/submit/papers.php → https://www.iscaconf.org/isca2025/submit/industry.php
[2025-11-03 02:17:08] DEADLINE CHANGE: MICRO_2025: April 11, 2025 → Sunday Feb 9th at 11:59pm PST
[2025-11-03 02:17:08] URL CHANGE: MICRO_2025: https://microarch.org/micro58/ → https://techcommunity.microsoft.com/blog/adforpostgresql/cfp-talk-proposal-ideas-for-posette-an-event-for-postgres-2025/4373860
[2025-11-03 02:17:55] NEW: ISSCC_2025 discovered
[2025-11-03 02:18:58] DEADLINE CHANGE: ISSCC_2026: March 15, 2025 → February 15, 2026
[2025-11-03 02:19:17] DEADLINE CHANGE: VLSI_2026: February 10, 2026 → November 15, 2025
[2025-11-03 02:19:17] URL CHANGE: VLSI_2026: https://ieee-isvlsi.github.io/ISVLSI_2026_Website/call-for-papers/index.html → https://www.vlsisymposium.org/wp-content/uploads/2022/05/VLSI2026_1st_CFP.pdf
[2025-11-03 02:19:26] DEADLINE CHANGE: ICCAD_2025: June 15, 2024 → October 26 - 30, 2024
[2025-11-03 02:19:26] URL CHANGE: ICCAD_2025: https://www.iccad-conf.com/wp-content/uploads/2025/02/CFP-ICCAD-2025.pdf → https://ekut-es.github.io/es-deadlines/
[2025-11-03 02:19:51] DEADLINE CHANGE: DAC_2026: November 15, 2025 → November 17, 2025
[2025-11-03 02:19:51] URL CHANGE: DAC_2026: https://www.aspdac.com/aspdac2026/cfp/ASPDAC2026-CFP_v1.pdf → https://www.ieee-cicc.org/2026-call-for-papers/
[2025-11-03 02:19:59] DEADLINE CHANGE: DATE_2025: November 2024 → Sunday, 22 September 2024 AoE
[2025-11-03 02:19:59] URL CHANGE: DATE_2025: https://www.cfp.net/-/media/files/cfp-board/cfp-certification/exam/2025-candidate-handbook-november-2025.pdf → https://date25.date-conference.com/call-for-papers
[2025-11-03 02:20:20] URL CHANGE: ASPDAC_2025: https://date25.date-conference.com/sites/date24/files/2024-02/ASP-DAC2025-CFP.pdf → https://ieee-ceda.org/files/ieeeceda/2024-06/ASPDAC_2025_CFP_0.pdf
[2025-11-03 02:20:27] DEADLINE CHANGE: ASPDAC_2026: November 30, 2025 → July 04, 2025
[2025-11-03 02:20:27] URL CHANGE: ASPDAC_2026: https://ieee-cas.org/files/ieeecass/2025-04/ASP-DAC-2026_CallForPapers.pdf → https://au.easychair.org/cfp/ASPDAC2026
[2025-11-03 02:20:34] DEADLINE CHANGE: ISLPED_2025: March 15, 2024 → March 20, 2025
[2025-11-03 02:20:34] URL CHANGE: ISLPED_2025: https://www.islped.org/2025/files/ISPED2025CfP.pdf → https://www.islped.org/
[2025-11-03 02:20:45] DEADLINE CHANGE: ISLPED_2026: October 14, 2025 → July 19th, 2025
[2025-11-03 02:20:45] URL CHANGE: ISLPED_2026: https://www.cfp.net/certification-process/exam-requirement/registration/upcoming-exam-dates-and-registration-process → https://dmatheorynet.blogspot.com/2025/07/dmanet-cfp-deadline-extended-overlay.html
[2025-11-03 02:20:59] DEADLINE CHANGE: GLSVLSI_2025: 15th May 2025 → March 15, 2024
[2025-11-03 02:20:59] URL CHANGE: GLSVLSI_2025: https://www.glsvlsi.org/camera-ready.html → https://glsvlsi.org/GLSVLSI2025-CFP-final.pdf
[2025-11-03 02:21:07] DEADLINE CHANGE: GLSVLSI_2026: June 05, 2025 → October 31, 2025
[2025-11-03 02:21:07] URL CHANGE: GLSVLSI_2026: https://www.sah.org/2026/call-for-papers-mexico-city → https://utmessan.is/english/call-for-papers
[2025-11-03 02:21:26] DEADLINE CHANGE: CICC_2026: November 17, 2025 → November 15, 2025
[2025-11-03 02:21:26] URL CHANGE: CICC_2026: https://www.ieee-cicc.org/2026-call-for-papers/ → https://www.ieee-cicc.org/wp-content/uploads/2025/09/CICC-2026-Call-for-Papers_FINAL.pdf
[2025-11-03 02:21:41] NEW: ESSCIRC_2025 discovered
[2025-11-03 02:21:53] DEADLINE CHANGE: ESSCIRC_2026: April 11, 2025 → October 15, 2025
[2025-11-03 02:21:53] URL CHANGE: ESSCIRC_2026: https://www.esserc2025.org/papers → https://www.isscc.org/call-for-papers-overview
[2025-11-03 02:22:02] DEADLINE CHANGE: ISQED_2025: October 25, 2025 → March 15, 2024
[2025-11-03 02:22:02] URL CHANGE: ISQED_2025: https://easychair.org/cfp/ISQED26 → https://isqed.org/English/Collaterals/Documents/CFP_ISQED2025_rev4.pdf
[2025-11-03 02:22:25] DEADLINE CHANGE: VLSI-SOC_2026: January 15, 2026 → January 26, 2026
[2025-11-03 02:22:25] URL CHANGE: VLSI-SOC_2026: https://www.oei.fu-berlin.de/institut/ankuendigungen/2025_10_17_CfP_ceecon26.html → https://www.vlsisymposium.org/call-for-papers/
[2025-11-03 02:22:32] DEADLINE CHANGE: ISCAS_2025: November 22, 2024 → September 06, 2024
[2025-11-03 02:22:32] URL CHANGE: ISCAS_2025: https://iscaconf.org/isca2025/submit/papers.php → http://cassnewsletter.org/Volume19-Issue1/call-for-papers/
[2025-11-03 02:23:04] URL CHANGE: ISPD_2025: http://www.wikicfp.com/cfp/servlet/event.showcfp?eventid=181120 → http://wikicfp.com/cfp/servlet/event.showcfp?eventid=181120&copyownerid=49453
[2025-11-03 02:23:47] URL CHANGE: FCCM_2026: https://www.fccm.org/call-for-papers-2026/ → https://www.wp.fccm.org/call-for-papers-2026/
[2025-11-03 02:24:03] DEADLINE CHANGE: ITC_2025: January 10, 2025 → March 15, 2024
[2025-11-03 02:24:03] URL CHANGE: ITC_2025: https://itc36.itc-conference.org/cfp.html → https://www.itctestweek.org/wp-content/uploads/2024/11/ITC_2025_CFP_update_cameraready.pdf
[2025-11-03 02:24:20] DEADLINE CHANGE: VTS_2025: January 09, 2025 → 20th September 2025
[2025-11-03 02:24:20] URL CHANGE: VTS_2025: https://events.vtsociety.org/vtc2025-spring/authors/call-for-papers-2/ → https://unipd-centrodirittiumani.it/en/activities/international-conference-university-of-padova-2025-call-for-papers
[2025-11-03 02:24:30] DEADLINE CHANGE: VTS_2026: June 03, 2025 → January 05, 2026
[2025-11-03 02:24:30] URL CHANGE: VTS_2026: https://etaps.org/2026/cfp/ → https://eajs.eu/2026-call-for-papers/
[2025-11-03 02:24:44] DEADLINE CHANGE: ATS_2026: March 10, 2026 → December 01, 2025
[2025-11-03 02:24:44] URL CHANGE: ATS_2026: https://artsinsociety.com/2026-conference/call-for-papers → https://www.scsmt.org/2026-louisville-ky/2026-call-for-papers/
[2025-11-03 02:24:52] DEADLINE CHANGE: SOSP_2025: April 17, 2025 → September 07, 2025
[2025-11-03 02:24:52] URL CHANGE: SOSP_2025: https://sigops.org/s/conferences/sosp/2025/cfp.html → https://sigops.org/s/conferences/sosp/2025/cfpo.html
[2025-11-03 02:25:02] URL CHANGE: SOSP_2026: https://sigops.org/s/conferences/sosp/2026/cfp.html → https://www.sigops.org/s/conferences/sosp/2026/cfp.html
[2025-11-03 02:25:37] DEADLINE CHANGE: EUROSYS_2026: September 25, 2025 → January 30, 2026
[2025-11-03 02:25:37] URL CHANGE: EUROSYS_2026: https://ieeetcca.org/2025/09/08/eurosys-2026-fall-cfp-and-conference-dates/ → https://cfp.atom.im/
[2025-11-03 02:25:43] DEADLINE CHANGE: HOST_2025: December 16, 2024 → March 17, 2025
[2025-11-03 02:25:43] URL CHANGE: HOST_2025: https://callforpaper.org/cfp/host-2025-hardware-oriented-security-and-trust-winter-submissions_2579 → https://www.euroframe.org/news/euroframe-conference-2025-cfp-deadline-extended.html
[2025-11-03 02:26:20] DEADLINE CHANGE: CHES_2026: March 12, 2025 → March 15, 2025
[2025-11-03 02:26:20] URL CHANGE: CHES_2026: https://www.asplos-conference.org/asplos2026/cfp/ → https://ches.iacr.org/2026/cfp_ches2026.pdf
